<?xml version="1.0" encoding="UTF-8"?>
<!-- Generated by org.testng.reporters.JUnitReportReporter -->
<testsuite hostname="DESKTOP-M0LQVP0" failures="0" tests="1" name="com.pom.testcases.TestSauceDemoLogin2" time="11.509" errors="0" timestamp="2024-03-23T12:34:36 IST" skipped="0">
  <testcase classname="com.pom.testcases.TestSauceDemoLogin2" name="LoginTest" time="11.509"/>
  <system-out/>
</testsuite> <!-- com.pom.testcases.TestSauceDemoLogin2 -->
