<?xml version="1.0" encoding="UTF-8"?>
<!-- Generated by org.testng.reporters.JUnitReportReporter -->
<testsuite hostname="DESKTOP-M0LQVP0" failures="0" tests="1" name="com.pom.testcases.TestSauceDemoLogin" time="12.533" errors="0" timestamp="2024-03-29T05:31:27 IST" skipped="0">
  <testcase classname="com.pom.testcases.TestSauceDemoLogin" name="LoginTest" time="12.533"/>
  <system-out/>
</testsuite> <!-- com.pom.testcases.TestSauceDemoLogin -->
