<?xml version="1.0" encoding="UTF-8"?>
<!-- Generated by org.testng.reporters.JUnitReportReporter -->
<testsuite hostname="DESKTOP-M0LQVP0" failures="0" tests="1" name="com.pom.testcases.temp" time="10.534" errors="0" timestamp="2024-03-19T03:23:33 IST" skipped="0">
  <testcase classname="com.pom.testcases.temp" name="test" time="10.534"/>
  <system-out/>
</testsuite> <!-- com.pom.testcases.temp -->
